{"D:\\Backend\\backend_test_task\\Task_1\\src\\index.ts": {"path":"D:\\Backend\\backend_test_task\\Task_1\\src\\index.ts","statementMap":{"0":{"start":{"line":2,"column":0},"end":{"line":2,"column":67}},"1":{"start":{"line":3,"column":0},"end":{"line":3,"column":46}},"2":{"start":{"line":4,"column":0},"end":{"line":4,"column":37}},"3":{"start":{"line":6,"column":12},"end":{"line":6,"column":21}},"4":{"start":{"line":48,"column":9},"end":{"line":48,"column":12}},"5":{"start":{"line":8,"column":15},"end":{"line":8,"column":33}},"6":{"start":{"line":11,"column":0},"end":{"line":11,"column":24}},"7":{"start":{"line":12,"column":0},"end":{"line":12,"column":34}},"8":{"start":{"line":13,"column":0},"end":{"line":13,"column":48}},"9":{"start":{"line":16,"column":0},"end":{"line":16,"column":24}},"10":{"start":{"line":19,"column":0},"end":{"line":22,"column":3}},"11":{"start":{"line":20,"column":4},"end":{"line":20,"column":49}},"12":{"start":{"line":21,"column":4},"end":{"line":21,"column":11}},"13":{"start":{"line":25,"column":0},"end":{"line":34,"column":3}},"14":{"start":{"line":25,"column":51},"end":{"line":34,"column":2}},"15":{"start":{"line":26,"column":4},"end":{"line":33,"column":5}},"16":{"start":{"line":29,"column":8},"end":{"line":29,"column":66}},"17":{"start":{"line":31,"column":8},"end":{"line":31,"column":59}},"18":{"start":{"line":32,"column":8},"end":{"line":32,"column":60}},"19":{"start":{"line":37,"column":13},"end":{"line":37,"column":37}},"20":{"start":{"line":38,"column":15},"end":{"line":40,"column":4}},"21":{"start":{"line":39,"column":4},"end":{"line":39,"column":50}},"22":{"start":{"line":48,"column":14},"end":{"line":48,"column":20}},"23":{"start":{"line":43,"column":0},"end":{"line":47,"column":3}},"24":{"start":{"line":43,"column":32},"end":{"line":47,"column":2}},"25":{"start":{"line":44,"column":4},"end":{"line":44,"column":47}},"26":{"start":{"line":45,"column":4},"end":{"line":45,"column":31}},"27":{"start":{"line":46,"column":4},"end":{"line":46,"column":20}}},"fnMap":{"0":{"name":"(anonymous_8)","decl":{"start":{"line":19,"column":8},"end":{"line":19,"column":9}},"loc":{"start":{"line":19,"column":60},"end":{"line":22,"column":1}}},"1":{"name":"(anonymous_9)","decl":{"start":{"line":25,"column":13},"end":{"line":25,"column":20}},"loc":{"start":{"line":25,"column":51},"end":{"line":34,"column":2}}},"2":{"name":"(anonymous_10)","decl":{"start":{"line":25,"column":51},"end":{"line":25,"column":null}},"loc":{"start":{"line":25,"column":51},"end":{"line":34,"column":1}}},"3":{"name":"(anonymous_11)","decl":{"start":{"line":38,"column":32},"end":{"line":38,"column":35}},"loc":{"start":{"line":38,"column":37},"end":{"line":40,"column":3}}},"4":{"name":"(anonymous_12)","decl":{"start":{"line":43,"column":21},"end":{"line":43,"column":30}},"loc":{"start":{"line":43,"column":32},"end":{"line":47,"column":2}}},"5":{"name":"(anonymous_13)","decl":{"start":{"line":43,"column":32},"end":{"line":43,"column":null}},"loc":{"start":{"line":43,"column":32},"end":{"line":47,"column":1}}}},"branchMap":{"0":{"loc":{"start":{"line":37,"column":13},"end":{"line":37,"column":37}},"type":"binary-expr","locations":[{"start":{"line":37,"column":13},"end":{"line":37,"column":29}},{"start":{"line":37,"column":33},"end":{"line":37,"column":37}}]}},"s":{"0":1,"1":1,"2":1,"3":1,"4":1,"5":1,"6":1,"7":1,"8":1,"9":1,"10":1,"11":0,"12":0,"13":1,"14":0,"15":0,"16":0,"17":0,"18":0,"19":1,"20":1,"21":1,"22":1,"23":1,"24":0,"25":0,"26":0,"27":0},"f":{"0":0,"1":0,"2":0,"3":1,"4":0,"5":0},"b":{"0":[1,1]}}
,"D:\\Backend\\backend_test_task\\Task_1\\src\\blukDataTest\\blukInsertFuntions\\addBulkProducts.ts": {"path":"D:\\Backend\\backend_test_task\\Task_1\\src\\blukDataTest\\blukInsertFuntions\\addBulkProducts.ts","statementMap":{"0":{"start":{"line":1,"column":0},"end":{"line":1,"column":46}},"1":{"start":{"line":4,"column":15},"end":{"line":4,"column":33}},"2":{"start":{"line":9,"column":27},"end":{"line":27,"column":4}},"3":{"start":{"line":9,"column":81},"end":{"line":27,"column":4}},"4":{"start":{"line":10,"column":4},"end":{"line":26,"column":5}},"5":{"start":{"line":11,"column":23},"end":{"line":11,"column":31}},"6":{"start":{"line":13,"column":6},"end":{"line":15,"column":7}},"7":{"start":{"line":14,"column":9},"end":{"line":14,"column":93}},"8":{"start":{"line":17,"column":21},"end":{"line":20,"column":8}},"9":{"start":{"line":22,"column":6},"end":{"line":22,"column":92}},"10":{"start":{"line":24,"column":6},"end":{"line":24,"column":53}},"11":{"start":{"line":25,"column":6},"end":{"line":25,"column":64}},"12":{"start":{"line":9,"column":13},"end":{"line":9,"column":27}}},"fnMap":{"0":{"name":"(anonymous_7)","decl":{"start":{"line":9,"column":27},"end":{"line":9,"column":34}},"loc":{"start":{"line":9,"column":81},"end":{"line":27,"column":4}}},"1":{"name":"(anonymous_8)","decl":{"start":{"line":9,"column":81},"end":{"line":9,"column":null}},"loc":{"start":{"line":9,"column":81},"end":{"line":27,"column":3}}}},"branchMap":{"0":{"loc":{"start":{"line":13,"column":6},"end":{"line":15,"column":7}},"type":"if","locations":[{"start":{"line":13,"column":6},"end":{"line":15,"column":7}}]}},"s":{"0":1,"1":1,"2":1,"3":0,"4":0,"5":0,"6":0,"7":0,"8":0,"9":0,"10":0,"11":0,"12":1},"f":{"0":0,"1":0},"b":{"0":[0]}}
,"D:\\Backend\\backend_test_task\\Task_1\\src\\blukDataTest\\blukInsertFuntions\\addblukInventory.ts": {"path":"D:\\Backend\\backend_test_task\\Task_1\\src\\blukDataTest\\blukInsertFuntions\\addblukInventory.ts","statementMap":{"0":{"start":{"line":1,"column":0},"end":{"line":1,"column":46}},"1":{"start":{"line":3,"column":0},"end":{"line":3,"column":77}},"2":{"start":{"line":4,"column":0},"end":{"line":4,"column":31}},"3":{"start":{"line":6,"column":15},"end":{"line":6,"column":33}},"4":{"start":{"line":16,"column":35},"end":{"line":60,"column":2}},"5":{"start":{"line":16,"column":88},"end":{"line":60,"column":2}},"6":{"start":{"line":17,"column":2},"end":{"line":59,"column":3}},"7":{"start":{"line":19,"column":26},"end":{"line":19,"column":53}},"8":{"start":{"line":21,"column":4},"end":{"line":23,"column":5}},"9":{"start":{"line":22,"column":6},"end":{"line":22,"column":92}},"10":{"start":{"line":26,"column":27},"end":{"line":26,"column":89}},"11":{"start":{"line":26,"column":55},"end":{"line":26,"column":88}},"12":{"start":{"line":29,"column":21},"end":{"line":29,"column":63}},"13":{"start":{"line":29,"column":50},"end":{"line":29,"column":62}},"14":{"start":{"line":30,"column":19},"end":{"line":32,"column":6}},"15":{"start":{"line":34,"column":25},"end":{"line":34,"column":56}},"16":{"start":{"line":34,"column":47},"end":{"line":34,"column":55}},"17":{"start":{"line":35,"column":26},"end":{"line":35,"column":77}},"18":{"start":{"line":35,"column":50},"end":{"line":35,"column":76}},"19":{"start":{"line":37,"column":4},"end":{"line":41,"column":5}},"20":{"start":{"line":38,"column":7},"end":{"line":40,"column":9}},"21":{"start":{"line":44,"column":19},"end":{"line":47,"column":6}},"22":{"start":{"line":49,"column":4},"end":{"line":52,"column":7}},"23":{"start":{"line":54,"column":4},"end":{"line":58,"column":5}},"24":{"start":{"line":55,"column":6},"end":{"line":55,"column":52}},"25":{"start":{"line":57,"column":6},"end":{"line":57,"column":73}},"26":{"start":{"line":16,"column":13},"end":{"line":16,"column":35}}},"fnMap":{"0":{"name":"(anonymous_7)","decl":{"start":{"line":16,"column":35},"end":{"line":16,"column":42}},"loc":{"start":{"line":16,"column":88},"end":{"line":60,"column":2}}},"1":{"name":"(anonymous_8)","decl":{"start":{"line":16,"column":88},"end":{"line":16,"column":null}},"loc":{"start":{"line":16,"column":88},"end":{"line":60,"column":1}}},"2":{"name":"(anonymous_9)","decl":{"start":{"line":26,"column":45},"end":{"line":26,"column":46}},"loc":{"start":{"line":26,"column":55},"end":{"line":26,"column":88}}},"3":{"name":"(anonymous_10)","decl":{"start":{"line":29,"column":40},"end":{"line":29,"column":41}},"loc":{"start":{"line":29,"column":50},"end":{"line":29,"column":62}}},"4":{"name":"(anonymous_11)","decl":{"start":{"line":34,"column":36},"end":{"line":34,"column":37}},"loc":{"start":{"line":34,"column":47},"end":{"line":34,"column":55}}},"5":{"name":"(anonymous_12)","decl":{"start":{"line":35,"column":42},"end":{"line":35,"column":43}},"loc":{"start":{"line":35,"column":50},"end":{"line":35,"column":76}}}},"branchMap":{"0":{"loc":{"start":{"line":21,"column":4},"end":{"line":23,"column":5}},"type":"if","locations":[{"start":{"line":21,"column":4},"end":{"line":23,"column":5}}]},"1":{"loc":{"start":{"line":37,"column":4},"end":{"line":41,"column":5}},"type":"if","locations":[{"start":{"line":37,"column":4},"end":{"line":41,"column":5}}]},"2":{"loc":{"start":{"line":54,"column":4},"end":{"line":58,"column":5}},"type":"if","locations":[{"start":{"line":54,"column":4},"end":{"line":58,"column":5}},{"start":{"line":56,"column":11},"end":{"line":58,"column":5}}]}},"s":{"0":1,"1":1,"2":1,"3":1,"4":1,"5":0,"6":0,"7":0,"8":0,"9":0,"10":0,"11":0,"12":0,"13":0,"14":0,"15":0,"16":0,"17":0,"18":0,"19":0,"20":0,"21":0,"22":0,"23":0,"24":0,"25":0,"26":1},"f":{"0":0,"1":0,"2":0,"3":0,"4":0,"5":0},"b":{"0":[0],"1":[0],"2":[0,0]}}
,"D:\\Backend\\backend_test_task\\Task_1\\src\\blukDataTest\\blukInsertFuntions\\addblukStore.ts": {"path":"D:\\Backend\\backend_test_task\\Task_1\\src\\blukDataTest\\blukInsertFuntions\\addblukStore.ts","statementMap":{"0":{"start":{"line":1,"column":0},"end":{"line":1,"column":46}},"1":{"start":{"line":4,"column":15},"end":{"line":4,"column":33}},"2":{"start":{"line":6,"column":41},"end":{"line":25,"column":2}},"3":{"start":{"line":6,"column":95},"end":{"line":25,"column":2}},"4":{"start":{"line":7,"column":2},"end":{"line":24,"column":3}},"5":{"start":{"line":8,"column":19},"end":{"line":8,"column":27}},"6":{"start":{"line":10,"column":4},"end":{"line":12,"column":5}},"7":{"start":{"line":11,"column":7},"end":{"line":11,"column":89}},"8":{"start":{"line":15,"column":19},"end":{"line":18,"column":6}},"9":{"start":{"line":20,"column":4},"end":{"line":20,"column":88}},"10":{"start":{"line":22,"column":4},"end":{"line":22,"column":49}},"11":{"start":{"line":23,"column":4},"end":{"line":23,"column":60}},"12":{"start":{"line":6,"column":13},"end":{"line":6,"column":41}}},"fnMap":{"0":{"name":"(anonymous_7)","decl":{"start":{"line":6,"column":41},"end":{"line":6,"column":48}},"loc":{"start":{"line":6,"column":95},"end":{"line":25,"column":2}}},"1":{"name":"(anonymous_8)","decl":{"start":{"line":6,"column":95},"end":{"line":6,"column":null}},"loc":{"start":{"line":6,"column":95},"end":{"line":25,"column":1}}}},"branchMap":{"0":{"loc":{"start":{"line":10,"column":4},"end":{"line":12,"column":5}},"type":"if","locations":[{"start":{"line":10,"column":4},"end":{"line":12,"column":5}}]}},"s":{"0":1,"1":1,"2":1,"3":0,"4":0,"5":0,"6":0,"7":0,"8":0,"9":0,"10":0,"11":0,"12":1},"f":{"0":0,"1":0},"b":{"0":[0]}}
,"D:\\Backend\\backend_test_task\\Task_1\\src\\blukDataTest\\jsondata\\blukProductActionSample.ts": {"path":"D:\\Backend\\backend_test_task\\Task_1\\src\\blukDataTest\\jsondata\\blukProductActionSample.ts","statementMap":{"0":{"start":{"line":1,"column":0},"end":{"line":1,"column":44}},"1":{"start":{"line":3,"column":22},"end":{"line":37,"column":4}},"2":{"start":{"line":39,"column":2},"end":{"line":39,"column":31}}},"fnMap":{},"branchMap":{},"s":{"0":0,"1":0,"2":0},"f":{},"b":{}}
,"D:\\Backend\\backend_test_task\\Task_1\\src\\controllers\\inventoryController.ts": {"path":"D:\\Backend\\backend_test_task\\Task_1\\src\\controllers\\inventoryController.ts","statementMap":{"0":{"start":{"line":1,"column":0},"end":{"line":1,"column":58}},"1":{"start":{"line":3,"column":0},"end":{"line":3,"column":124}},"2":{"start":{"line":4,"column":0},"end":{"line":4,"column":47}},"3":{"start":{"line":5,"column":0},"end":{"line":5,"column":68}},"4":{"start":{"line":6,"column":0},"end":{"line":6,"column":31}},"5":{"start":{"line":7,"column":15},"end":{"line":7,"column":33}},"6":{"start":{"line":9,"column":31},"end":{"line":47,"column":null}},"7":{"start":{"line":9,"column":84},"end":{"line":47,"column":null}},"8":{"start":{"line":10,"column":4},"end":{"line":46,"column":5}},"9":{"start":{"line":11,"column":30},"end":{"line":11,"column":67}},"10":{"start":{"line":12,"column":73},"end":{"line":12,"column":86}},"11":{"start":{"line":14,"column":28},"end":{"line":16,"column":10}},"12":{"start":{"line":18,"column":8},"end":{"line":23,"column":9}},"13":{"start":{"line":19,"column":12},"end":{"line":21,"column":null}},"14":{"start":{"line":22,"column":12},"end":{"line":22,"column":18}},"15":{"start":{"line":25,"column":9},"end":{"line":25,"column":null}},"16":{"start":{"line":27,"column":26},"end":{"line":34,"column":10}},"17":{"start":{"line":37,"column":8},"end":{"line":37,"column":null}},"18":{"start":{"line":39,"column":8},"end":{"line":39,"column":null}},"19":{"start":{"line":41,"column":8},"end":{"line":45,"column":9}},"20":{"start":{"line":42,"column":12},"end":{"line":42,"column":null}},"21":{"start":{"line":44,"column":12},"end":{"line":44,"column":null}},"22":{"start":{"line":9,"column":13},"end":{"line":9,"column":31}},"23":{"start":{"line":49,"column":33},"end":{"line":87,"column":null}},"24":{"start":{"line":49,"column":71},"end":{"line":87,"column":null}},"25":{"start":{"line":50,"column":4},"end":{"line":86,"column":5}},"26":{"start":{"line":51,"column":8},"end":{"line":51,"column":null}},"27":{"start":{"line":52,"column":30},"end":{"line":52,"column":69}},"28":{"start":{"line":53,"column":49},"end":{"line":53,"column":62}},"29":{"start":{"line":55,"column":33},"end":{"line":58,"column":10}},"30":{"start":{"line":61,"column":8},"end":{"line":61,"column":null}},"31":{"start":{"line":63,"column":8},"end":{"line":70,"column":null}},"32":{"start":{"line":72,"column":8},"end":{"line":72,"column":null}},"33":{"start":{"line":75,"column":8},"end":{"line":75,"column":null}},"34":{"start":{"line":77,"column":8},"end":{"line":79,"column":null}},"35":{"start":{"line":81,"column":8},"end":{"line":85,"column":9}},"36":{"start":{"line":82,"column":12},"end":{"line":82,"column":null}},"37":{"start":{"line":84,"column":12},"end":{"line":84,"column":null}},"38":{"start":{"line":49,"column":13},"end":{"line":49,"column":33}},"39":{"start":{"line":89,"column":33},"end":{"line":129,"column":null}},"40":{"start":{"line":89,"column":86},"end":{"line":129,"column":null}},"41":{"start":{"line":90,"column":4},"end":{"line":128,"column":5}},"42":{"start":{"line":91,"column":30},"end":{"line":91,"column":69}},"43":{"start":{"line":92,"column":49},"end":{"line":92,"column":62}},"44":{"start":{"line":94,"column":33},"end":{"line":97,"column":10}},"45":{"start":{"line":100,"column":8},"end":{"line":100,"column":null}},"46":{"start":{"line":104,"column":8},"end":{"line":111,"column":null}},"47":{"start":{"line":112,"column":8},"end":{"line":112,"column":null}},"48":{"start":{"line":115,"column":8},"end":{"line":115,"column":null}},"49":{"start":{"line":117,"column":8},"end":{"line":121,"column":null}},"50":{"start":{"line":123,"column":8},"end":{"line":127,"column":9}},"51":{"start":{"line":124,"column":12},"end":{"line":124,"column":null}},"52":{"start":{"line":126,"column":12},"end":{"line":126,"column":null}},"53":{"start":{"line":89,"column":13},"end":{"line":89,"column":33}},"54":{"start":{"line":131,"column":28},"end":{"line":161,"column":null}},"55":{"start":{"line":131,"column":81},"end":{"line":161,"column":null}},"56":{"start":{"line":132,"column":4},"end":{"line":160,"column":5}},"57":{"start":{"line":133,"column":39},"end":{"line":133,"column":48}},"58":{"start":{"line":136,"column":32},"end":{"line":136,"column":90}},"59":{"start":{"line":138,"column":8},"end":{"line":142,"column":9}},"60":{"start":{"line":139,"column":12},"end":{"line":139,"column":null}},"61":{"start":{"line":140,"column":12},"end":{"line":140,"column":null}},"62":{"start":{"line":141,"column":12},"end":{"line":141,"column":19}},"63":{"start":{"line":145,"column":26},"end":{"line":150,"column":10}},"64":{"start":{"line":153,"column":8},"end":{"line":153,"column":null}},"65":{"start":{"line":154,"column":8},"end":{"line":154,"column":null}},"66":{"start":{"line":155,"column":8},"end":{"line":155,"column":null}},"67":{"start":{"line":158,"column":8},"end":{"line":158,"column":null}},"68":{"start":{"line":159,"column":8},"end":{"line":159,"column":null}},"69":{"start":{"line":131,"column":13},"end":{"line":131,"column":28}}},"fnMap":{"0":{"name":"(anonymous_8)","decl":{"start":{"line":9,"column":31},"end":{"line":9,"column":38}},"loc":{"start":{"line":9,"column":84},"end":{"line":47,"column":null}}},"1":{"name":"(anonymous_9)","decl":{"start":{"line":9,"column":84},"end":{"line":9,"column":null}},"loc":{"start":{"line":9,"column":84},"end":{"line":47,"column":1}}},"2":{"name":"(anonymous_10)","decl":{"start":{"line":49,"column":33},"end":{"line":49,"column":40}},"loc":{"start":{"line":49,"column":71},"end":{"line":87,"column":null}}},"3":{"name":"(anonymous_11)","decl":{"start":{"line":49,"column":71},"end":{"line":49,"column":null}},"loc":{"start":{"line":49,"column":71},"end":{"line":87,"column":1}}},"4":{"name":"(anonymous_12)","decl":{"start":{"line":89,"column":33},"end":{"line":89,"column":40}},"loc":{"start":{"line":89,"column":86},"end":{"line":129,"column":null}}},"5":{"name":"(anonymous_13)","decl":{"start":{"line":89,"column":86},"end":{"line":89,"column":null}},"loc":{"start":{"line":89,"column":86},"end":{"line":129,"column":1}}},"6":{"name":"(anonymous_14)","decl":{"start":{"line":131,"column":28},"end":{"line":131,"column":35}},"loc":{"start":{"line":131,"column":81},"end":{"line":161,"column":null}}},"7":{"name":"(anonymous_15)","decl":{"start":{"line":131,"column":81},"end":{"line":131,"column":null}},"loc":{"start":{"line":131,"column":81},"end":{"line":161,"column":1}}}},"branchMap":{"0":{"loc":{"start":{"line":18,"column":8},"end":{"line":23,"column":9}},"type":"if","locations":[{"start":{"line":18,"column":8},"end":{"line":23,"column":9}}]},"1":{"loc":{"start":{"line":41,"column":8},"end":{"line":45,"column":9}},"type":"if","locations":[{"start":{"line":41,"column":8},"end":{"line":45,"column":9}},{"start":{"line":43,"column":15},"end":{"line":45,"column":9}}]},"2":{"loc":{"start":{"line":81,"column":8},"end":{"line":85,"column":9}},"type":"if","locations":[{"start":{"line":81,"column":8},"end":{"line":85,"column":9}},{"start":{"line":83,"column":15},"end":{"line":85,"column":9}}]},"3":{"loc":{"start":{"line":123,"column":8},"end":{"line":127,"column":9}},"type":"if","locations":[{"start":{"line":123,"column":8},"end":{"line":127,"column":9}},{"start":{"line":125,"column":15},"end":{"line":127,"column":9}}]},"4":{"loc":{"start":{"line":138,"column":8},"end":{"line":142,"column":9}},"type":"if","locations":[{"start":{"line":138,"column":8},"end":{"line":142,"column":9}}]},"5":{"loc":{"start":{"line":147,"column":25},"end":{"line":147,"column":62}},"type":"cond-expr","locations":[{"start":{"line":147,"column":35},"end":{"line":147,"column":50}},{"start":{"line":147,"column":53},"end":{"line":147,"column":62}}]},"6":{"loc":{"start":{"line":148,"column":27},"end":{"line":148,"column":68}},"type":"cond-expr","locations":[{"start":{"line":148,"column":39},"end":{"line":148,"column":56}},{"start":{"line":148,"column":59},"end":{"line":148,"column":68}}]}},"s":{"0":1,"1":1,"2":1,"3":1,"4":1,"5":1,"6":1,"7":1,"8":1,"9":1,"10":1,"11":1,"12":1,"13":0,"14":0,"15":1,"16":1,"17":1,"18":1,"19":0,"20":0,"21":0,"22":1,"23":1,"24":1,"25":1,"26":1,"27":1,"28":1,"29":1,"30":1,"31":1,"32":1,"33":1,"34":1,"35":0,"36":0,"37":0,"38":1,"39":1,"40":1,"41":1,"42":1,"43":1,"44":1,"45":1,"46":1,"47":1,"48":1,"49":1,"50":0,"51":0,"52":0,"53":1,"54":1,"55":1,"56":1,"57":1,"58":1,"59":1,"60":0,"61":0,"62":0,"63":1,"64":1,"65":1,"66":1,"67":0,"68":0,"69":1},"f":{"0":1,"1":1,"2":1,"3":1,"4":1,"5":1,"6":1,"7":1},"b":{"0":[0],"1":[0,0],"2":[0,0],"3":[0,0],"4":[0],"5":[0,1],"6":[0,1]}}
,"D:\\Backend\\backend_test_task\\Task_1\\src\\controllers\\productActions.ts": {"path":"D:\\Backend\\backend_test_task\\Task_1\\src\\controllers\\productActions.ts","statementMap":{"0":{"start":{"line":1,"column":0},"end":{"line":1,"column":58}},"1":{"start":{"line":3,"column":0},"end":{"line":3,"column":47}},"2":{"start":{"line":5,"column":15},"end":{"line":5,"column":33}},"3":{"start":{"line":7,"column":33},"end":{"line":61,"column":null}},"4":{"start":{"line":7,"column":86},"end":{"line":61,"column":null}},"5":{"start":{"line":8,"column":2},"end":{"line":60,"column":3}},"6":{"start":{"line":9,"column":52},"end":{"line":9,"column":61}},"7":{"start":{"line":12,"column":28},"end":{"line":12,"column":81}},"8":{"start":{"line":13,"column":26},"end":{"line":13,"column":75}},"9":{"start":{"line":16,"column":4},"end":{"line":19,"column":5}},"10":{"start":{"line":17,"column":6},"end":{"line":17,"column":null}},"11":{"start":{"line":18,"column":6},"end":{"line":18,"column":12}},"12":{"start":{"line":20,"column":4},"end":{"line":23,"column":5}},"13":{"start":{"line":21,"column":6},"end":{"line":21,"column":null}},"14":{"start":{"line":22,"column":6},"end":{"line":22,"column":12}},"15":{"start":{"line":24,"column":4},"end":{"line":26,"column":5}},"16":{"start":{"line":25,"column":6},"end":{"line":25,"column":null}},"17":{"start":{"line":28,"column":21},"end":{"line":28,"column":82}},"18":{"start":{"line":31,"column":26},"end":{"line":31,"column":57}},"19":{"start":{"line":32,"column":4},"end":{"line":36,"column":5}},"20":{"start":{"line":33,"column":6},"end":{"line":33,"column":null}},"21":{"start":{"line":34,"column":6},"end":{"line":34,"column":null}},"22":{"start":{"line":35,"column":6},"end":{"line":35,"column":13}},"23":{"start":{"line":39,"column":20},"end":{"line":52,"column":6}},"24":{"start":{"line":54,"column":4},"end":{"line":54,"column":null}},"25":{"start":{"line":55,"column":4},"end":{"line":55,"column":null}},"26":{"start":{"line":56,"column":4},"end":{"line":56,"column":null}},"27":{"start":{"line":58,"column":4},"end":{"line":58,"column":null}},"28":{"start":{"line":59,"column":4},"end":{"line":59,"column":null}},"29":{"start":{"line":7,"column":13},"end":{"line":7,"column":33}}},"fnMap":{"0":{"name":"(anonymous_8)","decl":{"start":{"line":7,"column":33},"end":{"line":7,"column":40}},"loc":{"start":{"line":7,"column":86},"end":{"line":61,"column":null}}},"1":{"name":"(anonymous_9)","decl":{"start":{"line":7,"column":86},"end":{"line":7,"column":null}},"loc":{"start":{"line":7,"column":86},"end":{"line":61,"column":1}}}},"branchMap":{"0":{"loc":{"start":{"line":12,"column":28},"end":{"line":12,"column":81}},"type":"cond-expr","locations":[{"start":{"line":12,"column":40},"end":{"line":12,"column":69}},{"start":{"line":12,"column":72},"end":{"line":12,"column":81}}]},"1":{"loc":{"start":{"line":13,"column":26},"end":{"line":13,"column":75}},"type":"cond-expr","locations":[{"start":{"line":13,"column":36},"end":{"line":13,"column":63}},{"start":{"line":13,"column":66},"end":{"line":13,"column":75}}]},"2":{"loc":{"start":{"line":16,"column":4},"end":{"line":19,"column":5}},"type":"if","locations":[{"start":{"line":16,"column":4},"end":{"line":19,"column":5}}]},"3":{"loc":{"start":{"line":16,"column":8},"end":{"line":16,"column":54}},"type":"binary-expr","locations":[{"start":{"line":16,"column":8},"end":{"line":16,"column":17}},{"start":{"line":16,"column":21},"end":{"line":16,"column":54}}]},"4":{"loc":{"start":{"line":20,"column":4},"end":{"line":23,"column":5}},"type":"if","locations":[{"start":{"line":20,"column":4},"end":{"line":23,"column":5}}]},"5":{"loc":{"start":{"line":20,"column":8},"end":{"line":20,"column":50}},"type":"binary-expr","locations":[{"start":{"line":20,"column":8},"end":{"line":20,"column":15}},{"start":{"line":20,"column":19},"end":{"line":20,"column":50}}]},"6":{"loc":{"start":{"line":24,"column":4},"end":{"line":26,"column":5}},"type":"if","locations":[{"start":{"line":24,"column":4},"end":{"line":26,"column":5}}]},"7":{"loc":{"start":{"line":32,"column":4},"end":{"line":36,"column":5}},"type":"if","locations":[{"start":{"line":32,"column":4},"end":{"line":36,"column":5}}]},"8":{"loc":{"start":{"line":41,"column":17},"end":{"line":41,"column":54}},"type":"cond-expr","locations":[{"start":{"line":41,"column":27},"end":{"line":41,"column":42}},{"start":{"line":41,"column":45},"end":{"line":41,"column":54}}]},"9":{"loc":{"start":{"line":42,"column":16},"end":{"line":42,"column":59}},"type":"cond-expr","locations":[{"start":{"line":42,"column":26},"end":{"line":42,"column":47}},{"start":{"line":42,"column":50},"end":{"line":42,"column":59}}]},"10":{"loc":{"start":{"line":44,"column":15},"end":{"line":44,"column":43}},"type":"binary-expr","locations":[{"start":{"line":44,"column":15},"end":{"line":44,"column":30}},{"start":{"line":44,"column":34},"end":{"line":44,"column":43}}]},"11":{"loc":{"start":{"line":45,"column":15},"end":{"line":45,"column":41}},"type":"binary-expr","locations":[{"start":{"line":45,"column":15},"end":{"line":45,"column":28}},{"start":{"line":45,"column":32},"end":{"line":45,"column":41}}]}},"s":{"0":1,"1":1,"2":1,"3":1,"4":1,"5":1,"6":1,"7":1,"8":1,"9":1,"10":0,"11":0,"12":1,"13":0,"14":0,"15":1,"16":0,"17":1,"18":1,"19":1,"20":0,"21":0,"22":0,"23":1,"24":1,"25":1,"26":1,"27":0,"28":0,"29":1},"f":{"0":1,"1":1},"b":{"0":[0,1],"1":[0,1],"2":[0],"3":[1,0],"4":[0],"5":[1,0],"6":[0],"7":[0],"8":[1,0],"9":[0,1],"10":[1,1],"11":[1,1]}}
,"D:\\Backend\\backend_test_task\\Task_1\\src\\controllers\\productController.ts": {"path":"D:\\Backend\\backend_test_task\\Task_1\\src\\controllers\\productController.ts","statementMap":{"0":{"start":{"line":1,"column":0},"end":{"line":1,"column":45}},"1":{"start":{"line":3,"column":0},"end":{"line":3,"column":89}},"2":{"start":{"line":4,"column":0},"end":{"line":4,"column":30}},"3":{"start":{"line":5,"column":0},"end":{"line":5,"column":46}},"4":{"start":{"line":6,"column":15},"end":{"line":6,"column":33}},"5":{"start":{"line":8,"column":26},"end":{"line":41,"column":null}},"6":{"start":{"line":8,"column":80},"end":{"line":41,"column":null}},"7":{"start":{"line":9,"column":4},"end":{"line":40,"column":7}},"8":{"start":{"line":11,"column":48},"end":{"line":11,"column":83}},"9":{"start":{"line":13,"column":28},"end":{"line":13,"column":41}},"10":{"start":{"line":16,"column":22},"end":{"line":21,"column":8}},"11":{"start":{"line":24,"column":6},"end":{"line":24,"column":null}},"12":{"start":{"line":26,"column":6},"end":{"line":26,"column":null}},"13":{"start":{"line":28,"column":8},"end":{"line":36,"column":9}},"14":{"start":{"line":30,"column":11},"end":{"line":35,"column":null}},"15":{"start":{"line":31,"column":45},"end":{"line":34,"column":14}},"16":{"start":{"line":38,"column":8},"end":{"line":38,"column":null}},"17":{"start":{"line":39,"column":8},"end":{"line":39,"column":null}},"18":{"start":{"line":8,"column":13},"end":{"line":8,"column":26}},"19":{"start":{"line":43,"column":29},"end":{"line":66,"column":null}},"20":{"start":{"line":43,"column":82},"end":{"line":66,"column":null}},"21":{"start":{"line":44,"column":4},"end":{"line":65,"column":5}},"22":{"start":{"line":45,"column":23},"end":{"line":45,"column":33}},"23":{"start":{"line":48,"column":29},"end":{"line":48,"column":60}},"24":{"start":{"line":49,"column":6},"end":{"line":53,"column":7}},"25":{"start":{"line":50,"column":8},"end":{"line":50,"column":null}},"26":{"start":{"line":51,"column":8},"end":{"line":51,"column":null}},"27":{"start":{"line":52,"column":8},"end":{"line":52,"column":14}},"28":{"start":{"line":55,"column":23},"end":{"line":55,"column":54}},"29":{"start":{"line":58,"column":6},"end":{"line":58,"column":null}},"30":{"start":{"line":60,"column":6},"end":{"line":60,"column":null}},"31":{"start":{"line":61,"column":6},"end":{"line":61,"column":null}},"32":{"start":{"line":63,"column":6},"end":{"line":63,"column":null}},"33":{"start":{"line":64,"column":6},"end":{"line":64,"column":null}},"34":{"start":{"line":43,"column":15},"end":{"line":43,"column":29}}},"fnMap":{"0":{"name":"(anonymous_8)","decl":{"start":{"line":8,"column":26},"end":{"line":8,"column":33}},"loc":{"start":{"line":8,"column":80},"end":{"line":41,"column":null}}},"1":{"name":"(anonymous_9)","decl":{"start":{"line":8,"column":80},"end":{"line":8,"column":null}},"loc":{"start":{"line":8,"column":80},"end":{"line":41,"column":3}}},"2":{"name":"(anonymous_10)","decl":{"start":{"line":31,"column":37},"end":{"line":31,"column":38}},"loc":{"start":{"line":31,"column":45},"end":{"line":34,"column":14}}},"3":{"name":"(anonymous_11)","decl":{"start":{"line":43,"column":29},"end":{"line":43,"column":36}},"loc":{"start":{"line":43,"column":82},"end":{"line":66,"column":null}}},"4":{"name":"(anonymous_12)","decl":{"start":{"line":43,"column":82},"end":{"line":43,"column":null}},"loc":{"start":{"line":43,"column":82},"end":{"line":66,"column":3}}}},"branchMap":{"0":{"loc":{"start":{"line":28,"column":8},"end":{"line":36,"column":9}},"type":"if","locations":[{"start":{"line":28,"column":8},"end":{"line":36,"column":9}}]},"1":{"loc":{"start":{"line":49,"column":6},"end":{"line":53,"column":7}},"type":"if","locations":[{"start":{"line":49,"column":6},"end":{"line":53,"column":7}}]}},"s":{"0":1,"1":1,"2":1,"3":1,"4":1,"5":1,"6":1,"7":1,"8":1,"9":1,"10":1,"11":1,"12":1,"13":0,"14":0,"15":0,"16":0,"17":0,"18":1,"19":1,"20":1,"21":1,"22":1,"23":1,"24":1,"25":0,"26":0,"27":0,"28":1,"29":1,"30":1,"31":1,"32":0,"33":0,"34":1},"f":{"0":1,"1":1,"2":0,"3":1,"4":1},"b":{"0":[0],"1":[0]}}
,"D:\\Backend\\backend_test_task\\Task_1\\src\\controllers\\storeController.ts": {"path":"D:\\Backend\\backend_test_task\\Task_1\\src\\controllers\\storeController.ts","statementMap":{"0":{"start":{"line":1,"column":0},"end":{"line":1,"column":46}},"1":{"start":{"line":3,"column":0},"end":{"line":3,"column":58}},"2":{"start":{"line":4,"column":0},"end":{"line":4,"column":31}},"3":{"start":{"line":5,"column":0},"end":{"line":5,"column":47}},"4":{"start":{"line":6,"column":15},"end":{"line":6,"column":33}},"5":{"start":{"line":10,"column":27},"end":{"line":28,"column":2}},"6":{"start":{"line":10,"column":80},"end":{"line":28,"column":2}},"7":{"start":{"line":11,"column":4},"end":{"line":27,"column":5}},"8":{"start":{"line":12,"column":30},"end":{"line":12,"column":57}},"9":{"start":{"line":13,"column":35},"end":{"line":13,"column":48}},"10":{"start":{"line":14,"column":22},"end":{"line":19,"column":10}},"11":{"start":{"line":20,"column":8},"end":{"line":20,"column":36}},"12":{"start":{"line":22,"column":8},"end":{"line":26,"column":9}},"13":{"start":{"line":23,"column":12},"end":{"line":23,"column":58}},"14":{"start":{"line":25,"column":12},"end":{"line":25,"column":70}},"15":{"start":{"line":10,"column":13},"end":{"line":10,"column":27}},"16":{"start":{"line":30,"column":25},"end":{"line":49,"column":2}},"17":{"start":{"line":30,"column":78},"end":{"line":49,"column":2}},"18":{"start":{"line":31,"column":4},"end":{"line":48,"column":5}},"19":{"start":{"line":32,"column":25},"end":{"line":32,"column":33}},"20":{"start":{"line":35,"column":29},"end":{"line":35,"column":60}},"21":{"start":{"line":36,"column":6},"end":{"line":40,"column":7}},"22":{"start":{"line":37,"column":8},"end":{"line":37,"column":null}},"23":{"start":{"line":38,"column":8},"end":{"line":38,"column":null}},"24":{"start":{"line":39,"column":8},"end":{"line":39,"column":14}},"25":{"start":{"line":42,"column":23},"end":{"line":42,"column":52}},"26":{"start":{"line":43,"column":8},"end":{"line":43,"column":70}},"27":{"start":{"line":44,"column":8},"end":{"line":44,"column":null}},"28":{"start":{"line":45,"column":8},"end":{"line":45,"column":37}},"29":{"start":{"line":47,"column":8},"end":{"line":47,"column":66}},"30":{"start":{"line":30,"column":13},"end":{"line":30,"column":25}}},"fnMap":{"0":{"name":"(anonymous_8)","decl":{"start":{"line":10,"column":27},"end":{"line":10,"column":34}},"loc":{"start":{"line":10,"column":80},"end":{"line":28,"column":2}}},"1":{"name":"(anonymous_9)","decl":{"start":{"line":10,"column":80},"end":{"line":10,"column":null}},"loc":{"start":{"line":10,"column":80},"end":{"line":28,"column":1}}},"2":{"name":"(anonymous_10)","decl":{"start":{"line":30,"column":25},"end":{"line":30,"column":32}},"loc":{"start":{"line":30,"column":78},"end":{"line":49,"column":2}}},"3":{"name":"(anonymous_11)","decl":{"start":{"line":30,"column":78},"end":{"line":30,"column":null}},"loc":{"start":{"line":30,"column":78},"end":{"line":49,"column":1}}}},"branchMap":{"0":{"loc":{"start":{"line":22,"column":8},"end":{"line":26,"column":9}},"type":"if","locations":[{"start":{"line":22,"column":8},"end":{"line":26,"column":9}},{"start":{"line":24,"column":15},"end":{"line":26,"column":9}}]},"1":{"loc":{"start":{"line":36,"column":6},"end":{"line":40,"column":7}},"type":"if","locations":[{"start":{"line":36,"column":6},"end":{"line":40,"column":7}}]}},"s":{"0":1,"1":1,"2":1,"3":1,"4":1,"5":1,"6":1,"7":1,"8":1,"9":1,"10":1,"11":1,"12":0,"13":0,"14":0,"15":1,"16":1,"17":1,"18":1,"19":1,"20":1,"21":1,"22":0,"23":0,"24":0,"25":1,"26":1,"27":1,"28":1,"29":0,"30":1},"f":{"0":1,"1":1,"2":1,"3":1},"b":{"0":[0,0],"1":[0]}}
,"D:\\Backend\\backend_test_task\\Task_1\\src\\routes\\routes.ts": {"path":"D:\\Backend\\backend_test_task\\Task_1\\src\\routes\\routes.ts","statementMap":{"0":{"start":{"line":1,"column":0},"end":{"line":1,"column":31}},"1":{"start":{"line":2,"column":15},"end":{"line":2,"column":31}},"2":{"start":{"line":3,"column":0},"end":{"line":3,"column":76}},"3":{"start":{"line":4,"column":0},"end":{"line":4,"column":122}},"4":{"start":{"line":5,"column":0},"end":{"line":5,"column":73}},"5":{"start":{"line":6,"column":0},"end":{"line":6,"column":63}},"6":{"start":{"line":7,"column":0},"end":{"line":7,"column":89}},"7":{"start":{"line":8,"column":0},"end":{"line":8,"column":78}},"8":{"start":{"line":9,"column":0},"end":{"line":9,"column":87}},"9":{"start":{"line":12,"column":0},"end":{"line":12,"column":45}},"10":{"start":{"line":13,"column":0},"end":{"line":13,"column":55}},"11":{"start":{"line":14,"column":0},"end":{"line":14,"column":47}},"12":{"start":{"line":15,"column":0},"end":{"line":15,"column":59}},"13":{"start":{"line":16,"column":0},"end":{"line":16,"column":59}},"14":{"start":{"line":17,"column":0},"end":{"line":17,"column":45}},"15":{"start":{"line":18,"column":0},"end":{"line":18,"column":42}},"16":{"start":{"line":19,"column":0},"end":{"line":19,"column":38}},"17":{"start":{"line":20,"column":0},"end":{"line":20,"column":55}},"18":{"start":{"line":21,"column":0},"end":{"line":21,"column":63}},"19":{"start":{"line":22,"column":0},"end":{"line":22,"column":51}},"20":{"start":{"line":23,"column":0},"end":{"line":23,"column":60}},"21":{"start":{"line":24,"column":0},"end":{"line":24,"column":60}},"22":{"start":{"line":29,"column":0},"end":{"line":29,"column":null}}},"fnMap":{},"branchMap":{},"s":{"0":1,"1":1,"2":1,"3":1,"4":1,"5":1,"6":1,"7":1,"8":1,"9":1,"10":1,"11":1,"12":1,"13":1,"14":1,"15":1,"16":1,"17":1,"18":1,"19":1,"20":1,"21":1,"22":1},"f":{},"b":{}}
,"D:\\Backend\\backend_test_task\\Task_1\\src\\utils\\redisCache.ts": {"path":"D:\\Backend\\backend_test_task\\Task_1\\src\\utils\\redisCache.ts","statementMap":{"0":{"start":{"line":2,"column":0},"end":{"line":2,"column":40}},"1":{"start":{"line":4,"column":45},"end":{"line":8,"column":2}},"2":{"start":{"line":4,"column":129},"end":{"line":8,"column":2}},"3":{"start":{"line":5,"column":18},"end":{"line":5,"column":131}},"4":{"start":{"line":6,"column":2},"end":{"line":6,"column":57}},"5":{"start":{"line":7,"column":2},"end":{"line":7,"column":34}},"6":{"start":{"line":4,"column":13},"end":{"line":4,"column":45}}},"fnMap":{"0":{"name":"(anonymous_8)","decl":{"start":{"line":4,"column":45},"end":{"line":4,"column":52}},"loc":{"start":{"line":4,"column":129},"end":{"line":8,"column":2}}},"1":{"name":"(anonymous_9)","decl":{"start":{"line":4,"column":129},"end":{"line":4,"column":null}},"loc":{"start":{"line":4,"column":129},"end":{"line":8,"column":1}}}},"branchMap":{"0":{"loc":{"start":{"line":5,"column":36},"end":{"line":5,"column":56}},"type":"binary-expr","locations":[{"start":{"line":5,"column":36},"end":{"line":5,"column":43}},{"start":{"line":5,"column":47},"end":{"line":5,"column":56}}]},"1":{"loc":{"start":{"line":5,"column":60},"end":{"line":5,"column":82}},"type":"binary-expr","locations":[{"start":{"line":5,"column":60},"end":{"line":5,"column":69}},{"start":{"line":5,"column":73},"end":{"line":5,"column":82}}]},"2":{"loc":{"start":{"line":5,"column":86},"end":{"line":5,"column":106}},"type":"binary-expr","locations":[{"start":{"line":5,"column":86},"end":{"line":5,"column":93}},{"start":{"line":5,"column":97},"end":{"line":5,"column":106}}]},"3":{"loc":{"start":{"line":5,"column":110},"end":{"line":5,"column":129}},"type":"binary-expr","locations":[{"start":{"line":5,"column":110},"end":{"line":5,"column":116}},{"start":{"line":5,"column":120},"end":{"line":5,"column":129}}]}},"s":{"0":1,"1":1,"2":1,"3":1,"4":1,"5":1,"6":1},"f":{"0":1,"1":1},"b":{"0":[1,1],"1":[1,1],"2":[1,1],"3":[1,1]}}
,"D:\\Backend\\backend_test_task\\Task_1\\src\\utils\\redisClient.ts": {"path":"D:\\Backend\\backend_test_task\\Task_1\\src\\utils\\redisClient.ts","statementMap":{"0":{"start":{"line":1,"column":0},"end":{"line":1,"column":28}},"1":{"start":{"line":3,"column":20},"end":{"line":7,"column":2}},"2":{"start":{"line":9,"column":0},"end":{"line":11,"column":3}},"3":{"start":{"line":10,"column":2},"end":{"line":10,"column":40}},"4":{"start":{"line":13,"column":0},"end":{"line":15,"column":3}},"5":{"start":{"line":14,"column":2},"end":{"line":14,"column":36}},"6":{"start":{"line":17,"column":0},"end":{"line":17,"column":27}}},"fnMap":{"0":{"name":"(anonymous_1)","decl":{"start":{"line":9,"column":26},"end":{"line":9,"column":29}},"loc":{"start":{"line":9,"column":31},"end":{"line":11,"column":1}}},"1":{"name":"(anonymous_2)","decl":{"start":{"line":13,"column":24},"end":{"line":13,"column":25}},"loc":{"start":{"line":13,"column":39},"end":{"line":15,"column":1}}}},"branchMap":{},"s":{"0":1,"1":1,"2":1,"3":1,"4":1,"5":0,"6":1},"f":{"0":1,"1":0},"b":{}}
,"D:\\Backend\\backend_test_task\\Task_1\\src\\validators\\inventoryValidtions.ts": {"path":"D:\\Backend\\backend_test_task\\Task_1\\src\\validators\\inventoryValidtions.ts","statementMap":{"0":{"start":{"line":1,"column":0},"end":{"line":1,"column":24}},"1":{"start":{"line":3,"column":13},"end":{"line":8,"column":3}},"2":{"start":{"line":13,"column":13},"end":{"line":17,"column":3}},"3":{"start":{"line":20,"column":13},"end":{"line":24,"column":3}}},"fnMap":{},"branchMap":{},"s":{"0":1,"1":1,"2":1,"3":1},"f":{},"b":{}}
,"D:\\Backend\\backend_test_task\\Task_1\\src\\validators\\productValidtions.ts": {"path":"D:\\Backend\\backend_test_task\\Task_1\\src\\validators\\productValidtions.ts","statementMap":{"0":{"start":{"line":1,"column":0},"end":{"line":1,"column":24}},"1":{"start":{"line":5,"column":13},"end":{"line":8,"column":3}}},"fnMap":{},"branchMap":{},"s":{"0":1,"1":1},"f":{},"b":{}}
,"D:\\Backend\\backend_test_task\\Task_1\\src\\validators\\storeValidation.ts": {"path":"D:\\Backend\\backend_test_task\\Task_1\\src\\validators\\storeValidation.ts","statementMap":{"0":{"start":{"line":1,"column":0},"end":{"line":1,"column":24}},"1":{"start":{"line":4,"column":13},"end":{"line":7,"column":3}}},"fnMap":{},"branchMap":{},"s":{"0":1,"1":1},"f":{},"b":{}}
}
