TN:
SF:src\index.ts
FN:19,(anonymous_8)
FN:25,(anonymous_9)
FN:25,(anonymous_10)
FN:38,(anonymous_11)
FN:43,(anonymous_12)
FN:43,(anonymous_13)
FNF:6
FNH:1
FNDA:0,(anonymous_8)
FNDA:0,(anonymous_9)
FNDA:0,(anonymous_10)
FNDA:1,(anonymous_11)
FNDA:0,(anonymous_12)
FNDA:0,(anonymous_13)
DA:2,1
DA:3,1
DA:4,1
DA:6,1
DA:8,1
DA:11,1
DA:12,1
DA:13,1
DA:16,1
DA:19,1
DA:20,0
DA:21,0
DA:25,1
DA:26,0
DA:29,0
DA:31,0
DA:32,0
DA:37,1
DA:38,1
DA:39,1
DA:43,1
DA:44,0
DA:45,0
DA:46,0
DA:48,1
LF:25
LH:16
BRDA:37,0,0,1
BRDA:37,0,1,1
BRF:2
BRH:2
end_of_record
TN:
SF:src\blukDataTest\blukInsertFuntions\addBulkProducts.ts
FN:9,(anonymous_7)
FN:9,(anonymous_8)
FNF:2
FNH:0
FNDA:0,(anonymous_7)
FNDA:0,(anonymous_8)
DA:1,1
DA:4,1
DA:9,1
DA:10,0
DA:11,0
DA:13,0
DA:14,0
DA:17,0
DA:22,0
DA:24,0
DA:25,0
LF:11
LH:3
BRDA:13,0,0,0
BRF:1
BRH:0
end_of_record
TN:
SF:src\blukDataTest\blukInsertFuntions\addblukInventory.ts
FN:16,(anonymous_7)
FN:16,(anonymous_8)
FN:26,(anonymous_9)
FN:29,(anonymous_10)
FN:34,(anonymous_11)
FN:35,(anonymous_12)
FNF:6
FNH:0
FNDA:0,(anonymous_7)
FNDA:0,(anonymous_8)
FNDA:0,(anonymous_9)
FNDA:0,(anonymous_10)
FNDA:0,(anonymous_11)
FNDA:0,(anonymous_12)
DA:1,1
DA:3,1
DA:4,1
DA:6,1
DA:16,1
DA:17,0
DA:19,0
DA:21,0
DA:22,0
DA:26,0
DA:29,0
DA:30,0
DA:34,0
DA:35,0
DA:37,0
DA:38,0
DA:44,0
DA:49,0
DA:54,0
DA:55,0
DA:57,0
LF:21
LH:5
BRDA:21,0,0,0
BRDA:37,1,0,0
BRDA:54,2,0,0
BRDA:54,2,1,0
BRF:4
BRH:0
end_of_record
TN:
SF:src\blukDataTest\blukInsertFuntions\addblukStore.ts
FN:6,(anonymous_7)
FN:6,(anonymous_8)
FNF:2
FNH:0
FNDA:0,(anonymous_7)
FNDA:0,(anonymous_8)
DA:1,1
DA:4,1
DA:6,1
DA:7,0
DA:8,0
DA:10,0
DA:11,0
DA:15,0
DA:20,0
DA:22,0
DA:23,0
LF:11
LH:3
BRDA:10,0,0,0
BRF:1
BRH:0
end_of_record
TN:
SF:src\blukDataTest\jsondata\blukProductActionSample.ts
FNF:0
FNH:0
DA:1,0
DA:3,0
DA:39,0
LF:3
LH:0
BRF:0
BRH:0
end_of_record
TN:
SF:src\controllers\inventoryController.ts
FN:9,(anonymous_8)
FN:9,(anonymous_9)
FN:49,(anonymous_10)
FN:49,(anonymous_11)
FN:89,(anonymous_12)
FN:89,(anonymous_13)
FN:131,(anonymous_14)
FN:131,(anonymous_15)
FNF:8
FNH:8
FNDA:1,(anonymous_8)
FNDA:1,(anonymous_9)
FNDA:1,(anonymous_10)
FNDA:1,(anonymous_11)
FNDA:1,(anonymous_12)
FNDA:1,(anonymous_13)
FNDA:1,(anonymous_14)
FNDA:1,(anonymous_15)
DA:1,1
DA:3,1
DA:4,1
DA:5,1
DA:6,1
DA:7,1
DA:9,1
DA:10,1
DA:11,1
DA:12,1
DA:14,1
DA:18,1
DA:19,0
DA:22,0
DA:25,1
DA:27,1
DA:37,1
DA:39,1
DA:41,0
DA:42,0
DA:44,0
DA:49,1
DA:50,1
DA:51,1
DA:52,1
DA:53,1
DA:55,1
DA:61,1
DA:63,1
DA:72,1
DA:75,1
DA:77,1
DA:81,0
DA:82,0
DA:84,0
DA:89,1
DA:90,1
DA:91,1
DA:92,1
DA:94,1
DA:100,1
DA:104,1
DA:112,1
DA:115,1
DA:117,1
DA:123,0
DA:124,0
DA:126,0
DA:131,1
DA:132,1
DA:133,1
DA:136,1
DA:138,1
DA:139,0
DA:140,0
DA:141,0
DA:145,1
DA:153,1
DA:154,1
DA:155,1
DA:158,0
DA:159,0
LF:62
LH:46
BRDA:18,0,0,0
BRDA:41,1,0,0
BRDA:41,1,1,0
BRDA:81,2,0,0
BRDA:81,2,1,0
BRDA:123,3,0,0
BRDA:123,3,1,0
BRDA:138,4,0,0
BRDA:147,5,0,0
BRDA:147,5,1,1
BRDA:148,6,0,0
BRDA:148,6,1,1
BRF:12
BRH:2
end_of_record
TN:
SF:src\controllers\productActions.ts
FN:7,(anonymous_8)
FN:7,(anonymous_9)
FNF:2
FNH:2
FNDA:1,(anonymous_8)
FNDA:1,(anonymous_9)
DA:1,1
DA:3,1
DA:5,1
DA:7,1
DA:8,1
DA:9,1
DA:12,1
DA:13,1
DA:16,1
DA:17,0
DA:18,0
DA:20,1
DA:21,0
DA:22,0
DA:24,1
DA:25,0
DA:28,1
DA:31,1
DA:32,1
DA:33,0
DA:34,0
DA:35,0
DA:39,1
DA:54,1
DA:55,1
DA:56,1
DA:58,0
DA:59,0
LF:28
LH:18
BRDA:12,0,0,0
BRDA:12,0,1,1
BRDA:13,1,0,0
BRDA:13,1,1,1
BRDA:16,2,0,0
BRDA:16,3,0,1
BRDA:16,3,1,0
BRDA:20,4,0,0
BRDA:20,5,0,1
BRDA:20,5,1,0
BRDA:24,6,0,0
BRDA:32,7,0,0
BRDA:41,8,0,1
BRDA:41,8,1,0
BRDA:42,9,0,0
BRDA:42,9,1,1
BRDA:44,10,0,1
BRDA:44,10,1,1
BRDA:45,11,0,1
BRDA:45,11,1,1
BRF:20
BRH:10
end_of_record
TN:
SF:src\controllers\productController.ts
FN:8,(anonymous_8)
FN:8,(anonymous_9)
FN:31,(anonymous_10)
FN:43,(anonymous_11)
FN:43,(anonymous_12)
FNF:5
FNH:4
FNDA:1,(anonymous_8)
FNDA:1,(anonymous_9)
FNDA:0,(anonymous_10)
FNDA:1,(anonymous_11)
FNDA:1,(anonymous_12)
DA:1,1
DA:3,1
DA:4,1
DA:5,1
DA:6,1
DA:8,1
DA:9,1
DA:11,1
DA:13,1
DA:16,1
DA:24,1
DA:26,1
DA:28,0
DA:30,0
DA:31,0
DA:38,0
DA:39,0
DA:43,1
DA:44,1
DA:45,1
DA:48,1
DA:49,1
DA:50,0
DA:51,0
DA:52,0
DA:55,1
DA:58,1
DA:60,1
DA:61,1
DA:63,0
DA:64,0
LF:31
LH:21
BRDA:28,0,0,0
BRDA:49,1,0,0
BRF:2
BRH:0
end_of_record
TN:
SF:src\controllers\storeController.ts
FN:10,(anonymous_8)
FN:10,(anonymous_9)
FN:30,(anonymous_10)
FN:30,(anonymous_11)
FNF:4
FNH:4
FNDA:1,(anonymous_8)
FNDA:1,(anonymous_9)
FNDA:1,(anonymous_10)
FNDA:1,(anonymous_11)
DA:1,1
DA:3,1
DA:4,1
DA:5,1
DA:6,1
DA:10,1
DA:11,1
DA:12,1
DA:13,1
DA:14,1
DA:20,1
DA:22,0
DA:23,0
DA:25,0
DA:30,1
DA:31,1
DA:32,1
DA:35,1
DA:36,1
DA:37,0
DA:38,0
DA:39,0
DA:42,1
DA:43,1
DA:44,1
DA:45,1
DA:47,0
LF:27
LH:20
BRDA:22,0,0,0
BRDA:22,0,1,0
BRDA:36,1,0,0
BRF:3
BRH:0
end_of_record
TN:
SF:src\routes\routes.ts
FNF:0
FNH:0
DA:1,1
DA:2,1
DA:3,1
DA:4,1
DA:5,1
DA:6,1
DA:7,1
DA:8,1
DA:9,1
DA:12,1
DA:13,1
DA:14,1
DA:15,1
DA:16,1
DA:17,1
DA:18,1
DA:19,1
DA:20,1
DA:21,1
DA:22,1
DA:23,1
DA:24,1
DA:29,1
LF:23
LH:23
BRF:0
BRH:0
end_of_record
TN:
SF:src\utils\redisCache.ts
FN:4,(anonymous_8)
FN:4,(anonymous_9)
FNF:2
FNH:2
FNDA:1,(anonymous_8)
FNDA:1,(anonymous_9)
DA:2,1
DA:4,1
DA:5,1
DA:6,1
DA:7,1
LF:5
LH:5
BRDA:5,0,0,1
BRDA:5,0,1,1
BRDA:5,1,0,1
BRDA:5,1,1,1
BRDA:5,2,0,1
BRDA:5,2,1,1
BRDA:5,3,0,1
BRDA:5,3,1,1
BRF:8
BRH:8
end_of_record
TN:
SF:src\utils\redisClient.ts
FN:9,(anonymous_1)
FN:13,(anonymous_2)
FNF:2
FNH:1
FNDA:1,(anonymous_1)
FNDA:0,(anonymous_2)
DA:1,1
DA:3,1
DA:9,1
DA:10,1
DA:13,1
DA:14,0
DA:17,1
LF:7
LH:6
BRF:0
BRH:0
end_of_record
TN:
SF:src\validators\inventoryValidtions.ts
FNF:0
FNH:0
DA:1,1
DA:3,1
DA:13,1
DA:20,1
LF:4
LH:4
BRF:0
BRH:0
end_of_record
TN:
SF:src\validators\productValidtions.ts
FNF:0
FNH:0
DA:1,1
DA:5,1
LF:2
LH:2
BRF:0
BRH:0
end_of_record
TN:
SF:src\validators\storeValidation.ts
FNF:0
FNH:0
DA:1,1
DA:4,1
LF:2
LH:2
BRF:0
BRH:0
end_of_record
